{"/Users/zhengyuanjie/Desktop/Nodejs/koa2-graphql-blog/logger.js":{"path":"/Users/zhengyuanjie/Desktop/Nodejs/koa2-graphql-blog/logger.js","s":{"1":1,"2":1,"3":1,"4":1,"5":1,"6":1,"7":1},"b":{"1":[0,1],"2":[1,1]},"f":{"1":1},"fnMap":{"1":{"name":"_interopRequireDefault","line":0,"loc":{"start":{"line":0,"column":0},"end":{"line":0,"column":0}},"skip":true}},"statementMap":{"1":{"start":{"line":0,"column":0},"end":{"line":0,"column":0},"skip":true},"2":{"start":{"line":2,"column":0},"end":{"line":null,"column":null}},"3":{"start":{"line":0,"column":0},"end":{"line":0,"column":0},"skip":true},"4":{"start":{"line":0,"column":0},"end":{"line":0,"column":0},"skip":true},"5":{"start":{"line":0,"column":0},"end":{"line":0,"column":0},"skip":true},"6":{"start":{"line":4,"column":0},"end":{"line":null,"column":null}},"7":{"start":{"line":11,"column":15},"end":{"line":null,"column":null}}},"branchMap":{"1":{"line":0,"type":"cond-expr","locations":[{"start":{"line":0,"column":0},"end":{"line":0,"column":0},"skip":true},{"start":{"line":0,"column":0},"end":{"line":0,"column":0},"skip":true}]},"2":{"line":0,"type":"binary-expr","locations":[{"start":{"line":0,"column":0},"end":{"line":0,"column":0},"skip":true},{"start":{"line":0,"column":0},"end":{"line":0,"column":0},"skip":true}]}}},"/Users/zhengyuanjie/Desktop/Nodejs/koa2-graphql-blog/model.js":{"path":"/Users/zhengyuanjie/Desktop/Nodejs/koa2-graphql-blog/model.js","s":{"1":1,"2":1,"3":1,"4":1,"5":1,"6":1,"7":1,"8":2,"9":1,"10":1,"11":0,"12":0,"13":0,"14":0,"15":0,"16":1,"17":1,"18":1,"19":0,"20":0,"21":0,"22":0,"23":0,"24":1,"25":0,"26":0,"27":0,"28":0,"29":1,"30":0,"31":0,"32":0,"33":0,"34":0,"35":0,"36":0,"37":1,"38":1,"39":1,"40":1},"b":{"1":[2,0],"2":[2,2],"3":[0,0],"4":[1,1],"5":[0,0],"6":[0,0]},"f":{"1":2,"2":1,"3":0,"4":0,"5":0,"6":0,"7":0,"8":1,"9":1,"10":0,"11":0,"12":0,"13":0,"14":0,"15":0},"fnMap":{"1":{"name":"_interopRequireDefault","line":0,"loc":{"start":{"line":0,"column":0},"end":{"line":0,"column":0}},"skip":true},"2":{"name":"(anonymous_2)","line":6,"loc":{"start":{"line":6,"column":18},"end":{"line":6,"column":18}}},"3":{"name":"(anonymous_3)","line":18,"loc":{"start":{"line":18,"column":15},"end":{"line":18,"column":41}}},"4":{"name":"(anonymous_4)","line":23,"loc":{"start":{"line":23,"column":17},"end":{"line":23,"column":24}}},"5":{"name":"(anonymous_5)","line":27,"loc":{"start":{"line":27,"column":15},"end":{"line":27,"column":26}}},"6":{"name":"(anonymous_6)","line":31,"loc":{"start":{"line":31,"column":15},"end":{"line":31,"column":22}}},"7":{"name":"(anonymous_7)","line":35,"loc":{"start":{"line":35,"column":19},"end":{"line":35,"column":29}}},"8":{"name":"(anonymous_8)","line":42,"loc":{"start":{"line":42,"column":18},"end":{"line":42,"column":18}}},"9":{"name":"(anonymous_9)","line":55,"loc":{"start":{"line":55,"column":17},"end":{"line":55,"column":50}}},"10":{"name":"(anonymous_10)","line":63,"loc":{"start":{"line":63,"column":19},"end":{"line":63,"column":26}}},"11":{"name":"(anonymous_11)","line":67,"loc":{"start":{"line":67,"column":17},"end":{"line":67,"column":27}}},"12":{"name":"(anonymous_12)","line":71,"loc":{"start":{"line":71,"column":17},"end":{"line":71,"column":24}}},"13":{"name":"(anonymous_13)","line":75,"loc":{"start":{"line":75,"column":21},"end":{"line":75,"column":25}}},"14":{"name":"updateQuery","line":82,"loc":{"start":{"line":82,"column":0},"end":{"line":82,"column":27}}},"15":{"name":"whereQuery","line":92,"loc":{"start":{"line":92,"column":0},"end":{"line":92,"column":27}}}},"statementMap":{"1":{"start":{"line":0,"column":0},"end":{"line":0,"column":0},"skip":true},"2":{"start":{"line":0,"column":0},"end":{"line":0,"column":0},"skip":true},"3":{"start":{"line":1,"column":0},"end":{"line":null,"column":null}},"4":{"start":{"line":0,"column":0},"end":{"line":0,"column":0},"skip":true},"5":{"start":{"line":2,"column":0},"end":{"line":null,"column":null}},"6":{"start":{"line":0,"column":0},"end":{"line":0,"column":0},"skip":true},"7":{"start":{"line":0,"column":0},"end":{"line":0,"column":0},"skip":true},"8":{"start":{"line":0,"column":0},"end":{"line":0,"column":0},"skip":true},"9":{"start":{"line":7,"column":15},"end":{"line":null,"column":null}},"10":{"start":{"line":8,"column":19},"end":{"line":null,"column":null}},"11":{"start":{"line":19,"column":15},"end":{"line":null,"column":null}},"12":{"start":{"line":24,"column":15},"end":{"line":null,"column":null}},"13":{"start":{"line":28,"column":15},"end":{"line":null,"column":null}},"14":{"start":{"line":32,"column":15},"end":{"line":null,"column":null}},"15":{"start":{"line":36,"column":15},"end":{"line":null,"column":null}},"16":{"start":{"line":43,"column":15},"end":{"line":null,"column":null}},"17":{"start":{"line":44,"column":19},"end":{"line":null,"column":null}},"18":{"start":{"line":57,"column":15},"end":{"line":null,"column":null}},"19":{"start":{"line":59,"column":19},"end":{"line":null,"column":null}},"20":{"start":{"line":64,"column":15},"end":{"line":null,"column":null}},"21":{"start":{"line":68,"column":15},"end":{"line":null,"column":null}},"22":{"start":{"line":72,"column":15},"end":{"line":null,"column":null}},"23":{"start":{"line":76,"column":15},"end":{"line":null,"column":null}},"24":{"start":{"line":82,"column":0},"end":{"line":null,"column":null}},"25":{"start":{"line":84,"column":8},"end":{"line":null,"column":null}},"26":{"start":{"line":85,"column":8},"end":{"line":null,"column":null}},"27":{"start":{"line":86,"column":23},"end":{"line":null,"column":null}},"28":{"start":{"line":88,"column":11},"end":{"line":null,"column":null}},"29":{"start":{"line":92,"column":0},"end":{"line":null,"column":null}},"30":{"start":{"line":93,"column":8},"end":{"line":null,"column":null}},"31":{"start":{"line":95,"column":7},"end":{"line":null,"column":null}},"32":{"start":{"line":96,"column":12},"end":{"line":null,"column":null}},"33":{"start":{"line":97,"column":26},"end":{"line":null,"column":null}},"34":{"start":{"line":98,"column":26},"end":{"line":null,"column":null}},"35":{"start":{"line":100,"column":22},"end":{"line":null,"column":null}},"36":{"start":{"line":103,"column":11},"end":{"line":null,"column":null}},"37":{"start":{"line":106,"column":0},"end":{"line":null,"column":null}},"38":{"start":{"line":107,"column":0},"end":{"line":null,"column":null}},"39":{"start":{"line":109,"column":4},"end":{"line":null,"column":null}},"40":{"start":{"line":110,"column":4},"end":{"line":null,"column":null}}},"branchMap":{"1":{"line":0,"type":"cond-expr","locations":[{"start":{"line":0,"column":0},"end":{"line":0,"column":0},"skip":true},{"start":{"line":0,"column":0},"end":{"line":0,"column":0},"skip":true}]},"2":{"line":0,"type":"binary-expr","locations":[{"start":{"line":0,"column":0},"end":{"line":0,"column":0},"skip":true},{"start":{"line":0,"column":0},"end":{"line":0,"column":0},"skip":true}]},"3":{"line":20,"type":"binary-expr","locations":[{"start":{"line":20,"column":49},"end":{"line":20,"column":60}},{"start":{"line":20,"column":60},"end":{"line":20,"column":31}}]},"4":{"line":58,"type":"binary-expr","locations":[{"start":{"line":58,"column":62},"end":{"line":58,"column":71}},{"start":{"line":58,"column":71},"end":{"line":58,"column":35}}]},"5":{"line":95,"type":"if","locations":[{"start":{"line":95,"column":7},"end":{"line":95,"column":7}},{"start":{"line":95,"column":7},"end":{"line":95,"column":7}}]},"6":{"line":97,"type":"cond-expr","locations":[{"start":{"line":97,"column":51},"end":{"line":97,"column":26}},{"start":{"line":97,"column":74},"end":{"line":97,"column":12}}]}}},"/Users/zhengyuanjie/Desktop/Nodejs/koa2-graphql-blog/connection.js":{"path":"/Users/zhengyuanjie/Desktop/Nodejs/koa2-graphql-blog/connection.js","s":{"1":1,"2":1,"3":1,"4":1,"5":1,"6":1},"b":{"1":[1,0]},"f":{},"fnMap":{},"statementMap":{"1":{"start":{"line":0,"column":0},"end":{"line":0,"column":0},"skip":true},"2":{"start":{"line":1,"column":0},"end":{"line":null,"column":null}},"3":{"start":{"line":2,"column":0},"end":{"line":null,"column":null}},"4":{"start":{"line":4,"column":0},"end":{"line":null,"column":null}},"5":{"start":{"line":13,"column":0},"end":{"line":null,"column":null}},"6":{"start":{"line":15,"column":15},"end":{"line":null,"column":null}}},"branchMap":{"1":{"line":5,"type":"binary-expr","locations":[{"start":{"line":5,"column":10},"end":{"line":5,"column":10}},{"start":{"line":5,"column":33},"end":{"line":4,"column":40}}]}}}}