TN:
SF:/Users/zhengyuanjie/Desktop/Nodejs/koa2-graphql-blog/logger.js
FNF:0
FNH:0
DA:2,1
DA:4,1
DA:11,1
LF:3
LH:3
BRF:0
BRH:0
end_of_record
TN:
SF:/Users/zhengyuanjie/Desktop/Nodejs/koa2-graphql-blog/model.js
FN:6,(anonymous_2)
FN:18,(anonymous_3)
FN:23,(anonymous_4)
FN:27,(anonymous_5)
FN:31,(anonymous_6)
FN:35,(anonymous_7)
FN:42,(anonymous_8)
FN:55,(anonymous_9)
FN:63,(anonymous_10)
FN:67,(anonymous_11)
FN:71,(anonymous_12)
FN:75,(anonymous_13)
FN:82,updateQuery
FN:92,whereQuery
FNF:14
FNH:3
FNDA:1,(anonymous_2)
FNDA:0,(anonymous_3)
FNDA:0,(anonymous_4)
FNDA:0,(anonymous_5)
FNDA:0,(anonymous_6)
FNDA:0,(anonymous_7)
FNDA:1,(anonymous_8)
FNDA:1,(anonymous_9)
FNDA:0,(anonymous_10)
FNDA:0,(anonymous_11)
FNDA:0,(anonymous_12)
FNDA:0,(anonymous_13)
FNDA:0,updateQuery
FNDA:0,whereQuery
DA:1,1
DA:2,1
DA:7,1
DA:8,1
DA:19,0
DA:24,0
DA:28,0
DA:32,0
DA:36,0
DA:43,1
DA:44,1
DA:57,1
DA:59,0
DA:64,0
DA:68,0
DA:72,0
DA:76,0
DA:82,1
DA:84,0
DA:85,0
DA:86,0
DA:88,0
DA:92,1
DA:93,0
DA:95,0
DA:96,0
DA:97,0
DA:98,0
DA:100,0
DA:103,0
DA:106,1
DA:107,1
DA:109,1
DA:110,1
LF:34
LH:13
BRDA:20,3,0,0
BRDA:20,3,1,0
BRDA:58,4,0,1
BRDA:58,4,1,1
BRDA:95,5,0,0
BRDA:95,5,1,0
BRDA:97,6,0,0
BRDA:97,6,1,0
BRF:8
BRH:2
end_of_record
TN:
SF:/Users/zhengyuanjie/Desktop/Nodejs/koa2-graphql-blog/connection.js
FNF:0
FNH:0
DA:1,1
DA:2,1
DA:4,1
DA:13,1
DA:15,1
LF:5
LH:5
BRDA:5,1,0,1
BRDA:5,1,1,0
BRF:2
BRH:1
end_of_record
